02/07/2024 01:56:57 PM - Util - INFO: Actual Text From Application Web UI --> :: Express Cargo Ltd. | Home
02/07/2024 01:56:57 PM - Util - INFO: Expected Text From Application Web UI --> :: Express Cargo Ltd. | Current Consignments
02/07/2024 01:56:57 PM - Util - INFO: ### VERIFICATION DOES NOT CONTAINS !!!
02/07/2024 01:56:57 PM - TestStatus - INFO: ###Verfication Failed  ::Current Consignment page loaded
02/07/2024 01:56:57 PM - TestStatus - INFO: Screenshots saved to directory: D:\work\workspace_python\wayne_express_cargo\base\../screenshots/Current Consignment page loaded.1707292617331.png
02/07/2024 01:56:57 PM - TestStatus - ERROR: Current Consignment Title verification### TEST FAILED
02/07/2024 01:57:55 PM - Util - INFO: Actual Text From Application Web UI --> :: Express Cargo Ltd. | Current Consignments
02/07/2024 01:57:55 PM - Util - INFO: Expected Text From Application Web UI --> :: Express Cargo Ltd. | Current Consignments
02/07/2024 01:57:55 PM - Util - INFO: ### VERIFICATION CONTAINS !!!
02/07/2024 01:57:55 PM - TestStatus - INFO: ###Verfication Successful  ::Current Consignment page loaded
02/07/2024 01:57:55 PM - TestStatus - INFO: Current Consignment Title verification### TEST PASSED
02/07/2024 01:58:23 PM - TestStatus - INFO: ###Verfication Successful  ::Data Exist!!!
02/07/2024 02:12:21 PM - Util - INFO: Actual Text From Application Web UI --> :: Express Cargo Ltd. | Current Consignments
02/07/2024 02:12:21 PM - Util - INFO: Expected Text From Application Web UI --> :: Express Cargo Ltd. | Current Consignments
02/07/2024 02:12:21 PM - Util - INFO: ### VERIFICATION CONTAINS !!!
02/07/2024 02:12:21 PM - TestStatus - INFO: ###Verfication Successful  ::Current Consignment page loaded
02/07/2024 02:12:21 PM - TestStatus - INFO: Current Consignment Title verification### TEST PASSED
02/07/2024 02:12:50 PM - TestStatus - INFO: ###Verfication Successful  ::Data Exist!!!
02/07/2024 02:47:49 PM - Util - INFO: Actual Text From Application Web UI --> :: Express Cargo Ltd. | Current Consignments
02/07/2024 02:47:49 PM - Util - INFO: Expected Text From Application Web UI --> :: Express Cargo Ltd. | Current Consignments
02/07/2024 02:47:49 PM - Util - INFO: ### VERIFICATION CONTAINS !!!
02/07/2024 02:47:49 PM - TestStatus - INFO: ###Verfication Successful  ::Current Consignment page loaded
02/07/2024 02:47:49 PM - TestStatus - INFO: Current Consignment Title verification### TEST PASSED
02/07/2024 02:48:18 PM - TestStatus - INFO: ###Verfication Successful  ::Data Exist!!!
02/07/2024 03:00:22 PM - Util - INFO: Actual Text From Application Web UI --> :: Express Cargo Ltd. | Current Consignments
02/07/2024 03:00:22 PM - Util - INFO: Expected Text From Application Web UI --> :: Express Cargo Ltd. | Current Consignments
02/07/2024 03:00:22 PM - Util - INFO: ### VERIFICATION CONTAINS !!!
02/07/2024 03:00:22 PM - TestStatus - INFO: ###Verfication Successful  ::Current Consignment page loaded
02/07/2024 03:00:22 PM - TestStatus - INFO: Current Consignment Title verification### TEST PASSED
02/07/2024 03:00:51 PM - TestStatus - INFO: ###Verfication Successful  ::Data Exist!!!
02/07/2024 03:08:44 PM - Util - INFO: Actual Text From Application Web UI --> :: Express Cargo Ltd. | Current Consignments
02/07/2024 03:08:44 PM - Util - INFO: Expected Text From Application Web UI --> :: Express Cargo Ltd. | Current Consignments
02/07/2024 03:08:44 PM - Util - INFO: ### VERIFICATION CONTAINS !!!
02/07/2024 03:08:44 PM - TestStatus - INFO: ###Verfication Successful  ::Current Consignment page loaded
02/07/2024 03:08:44 PM - TestStatus - INFO: Current Consignment Title verification### TEST PASSED
02/07/2024 03:09:13 PM - TestStatus - INFO: ###Verfication Successful  ::Data Exist!!!
02/07/2024 03:12:40 PM - Util - INFO: Actual Text From Application Web UI --> :: Express Cargo Ltd. | Current Consignments
02/07/2024 03:12:40 PM - Util - INFO: Expected Text From Application Web UI --> :: Express Cargo Ltd. | Current Consignments
02/07/2024 03:12:40 PM - Util - INFO: ### VERIFICATION CONTAINS !!!
02/07/2024 03:12:40 PM - TestStatus - INFO: ###Verfication Successful  ::Current Consignment page loaded
02/07/2024 03:12:40 PM - TestStatus - INFO: Current Consignment Title verification### TEST PASSED
02/07/2024 03:14:50 PM - Util - INFO: Actual Text From Application Web UI --> :: Express Cargo Ltd. | Current Consignments
02/07/2024 03:14:50 PM - Util - INFO: Expected Text From Application Web UI --> :: Express Cargo Ltd. | Current Consignments
02/07/2024 03:14:50 PM - Util - INFO: ### VERIFICATION CONTAINS !!!
02/07/2024 03:14:50 PM - TestStatus - INFO: ###Verfication Successful  ::Current Consignment page loaded
02/07/2024 03:14:50 PM - TestStatus - INFO: Current Consignment Title verification### TEST PASSED
02/07/2024 03:15:18 PM - TestStatus - INFO: ###Verfication Successful  ::Data Exist!!!
02/07/2024 03:18:14 PM - Util - INFO: Actual Text From Application Web UI --> :: Express Cargo Ltd. | Current Consignments
02/07/2024 03:18:14 PM - Util - INFO: Expected Text From Application Web UI --> :: Express Cargo Ltd. | Current Consignments
02/07/2024 03:18:14 PM - Util - INFO: ### VERIFICATION CONTAINS !!!
02/07/2024 03:18:14 PM - TestStatus - INFO: ###Verfication Successful  ::Current Consignment page loaded
02/07/2024 03:18:14 PM - TestStatus - INFO: Current Consignment Title verification### TEST PASSED
02/07/2024 03:18:40 PM - TestStatus - INFO: ###Verfication Successful  ::Data Exist!!!
